Flow report for Maquina_de_refri
Sun Oct 22 01:10:37 2023
Quartus II 64-Bit Version 13.0.1 Build 232 06/12/2013 Service Pack 1 SJ Web Edition


---------------------
; Table of Contents ;
---------------------
  1. Legal Notice
  2. Flow Summary
  3. Flow Settings
  4. Flow Non-Default Global Settings
  5. Flow Elapsed Time
  6. Flow OS Summary
  7. Flow Log
  8. Flow Messages
  9. Flow Suppressed Messages



----------------
; Legal Notice ;
----------------
Copyright (C) 1991-2013 Altera Corporation
Your use of Altera Corporation's design tools, logic functions 
and other software and tools, and its AMPP partner logic 
functions, and any output files from any of the foregoing 
(including device programming or simulation files), and any 
associated documentation or information are expressly subject 
to the terms and conditions of the Altera Program License 
Subscription Agreement, Altera MegaCore Function License 
Agreement, or other applicable license agreement, including, 
without limitation, that your use is for the sole purpose of 
programming logic devices manufactured by Altera and sold by 
Altera or its authorized distributors.  Please refer to the 
applicable agreement for further details.



+--------------------------------------------------------------------------------------+
; Flow Summary                                                                         ;
+------------------------------------+-------------------------------------------------+
; Flow Status                        ; Successful - Sun Oct 22 01:10:37 2023           ;
; Quartus II 64-Bit Version          ; 13.0.1 Build 232 06/12/2013 SP 1 SJ Web Edition ;
; Revision Name                      ; Maquina_de_refri                                ;
; Top-level Entity Name              ; Maquina_de_refri                                ;
; Family                             ; Cyclone IV GX                                   ;
; Total logic elements               ; 91                                              ;
;     Total combinational functions  ; 91                                              ;
;     Dedicated logic registers      ; 25                                              ;
; Total registers                    ; 25                                              ;
; Total pins                         ; 49                                              ;
; Total virtual pins                 ; 0                                               ;
; Total memory bits                  ; 0                                               ;
; Embedded Multiplier 9-bit elements ; 0                                               ;
; Total GXB Receiver Channel PCS     ; 0                                               ;
; Total GXB Receiver Channel PMA     ; 0                                               ;
; Total GXB Transmitter Channel PCS  ; 0                                               ;
; Total GXB Transmitter Channel PMA  ; 0                                               ;
; Total PLLs                         ; 0                                               ;
+------------------------------------+-------------------------------------------------+


+-----------------------------------------+
; Flow Settings                           ;
+-------------------+---------------------+
; Option            ; Setting             ;
+-------------------+---------------------+
; Start date & time ; 10/22/2023 01:03:11 ;
; Main task         ; Compilation         ;
; Revision Name     ; Maquina_de_refri    ;
+-------------------+---------------------+


+--------------------------------------------------------------------------------------------------------------------+
; Flow Non-Default Global Settings                                                                                   ;
+-------------------------------------+-------------------------------+---------------+-------------+----------------+
; Assignment Name                     ; Value                         ; Default Value ; Entity Name ; Section Id     ;
+-------------------------------------+-------------------------------+---------------+-------------+----------------+
; COMPILER_SIGNATURE_ID               ; 5334172814241.169794739117592 ; --            ; --          ; --             ;
; EDA_GENERATE_FUNCTIONAL_NETLIST     ; On                            ; --            ; --          ; eda_simulation ;
; EDA_OUTPUT_DATA_FORMAT              ; Verilog Hdl                   ; --            ; --          ; eda_simulation ;
; EDA_SIMULATION_TOOL                 ; ModelSim-Altera (Verilog)     ; <None>        ; --          ; --             ;
; EDA_TIME_SCALE                      ; 1 ps                          ; --            ; --          ; eda_simulation ;
; PARTITION_COLOR                     ; 16764057                      ; --            ; --          ; Top            ;
; PARTITION_FITTER_PRESERVATION_LEVEL ; PLACEMENT_AND_ROUTING         ; --            ; --          ; Top            ;
; PARTITION_NETLIST_TYPE              ; SOURCE                        ; --            ; --          ; Top            ;
; PROJECT_OUTPUT_DIRECTORY            ; output_files                  ; --            ; --          ; --             ;
+-------------------------------------+-------------------------------+---------------+-------------+----------------+


+--------------------------------------------------------------------------------------------------------------------------+
; Flow Elapsed Time                                                                                                        ;
+----------------------+--------------+-------------------------+---------------------+------------------------------------+
; Module Name          ; Elapsed Time ; Average Processors Used ; Peak Virtual Memory ; Total CPU Time (on all processors) ;
+----------------------+--------------+-------------------------+---------------------+------------------------------------+
; Analysis & Synthesis ; 00:00:02     ; 1.0                     ; 4676 MB             ; 00:00:01                           ;
; EDA Netlist Writer   ; 00:00:01     ; 1.0                     ; 4560 MB             ; 00:00:01                           ;
; EDA Netlist Writer   ; 00:00:00     ; 1.0                     ; 4580 MB             ; 00:00:01                           ;
; EDA Netlist Writer   ; 00:00:00     ; 1.0                     ; 4564 MB             ; 00:00:01                           ;
; EDA Netlist Writer   ; 00:00:01     ; 1.0                     ; 4569 MB             ; 00:00:01                           ;
; EDA Netlist Writer   ; 00:00:01     ; 1.0                     ; 4564 MB             ; 00:00:01                           ;
; EDA Netlist Writer   ; 00:00:01     ; 1.0                     ; 4569 MB             ; 00:00:01                           ;
; Total                ; 00:00:06     ; --                      ; --                  ; 00:00:07                           ;
+----------------------+--------------+-------------------------+---------------------+------------------------------------+


+-----------------------------------------------------------------------------------+
; Flow OS Summary                                                                   ;
+----------------------+------------------+-----------+------------+----------------+
; Module Name          ; Machine Hostname ; OS Name   ; OS Version ; Processor type ;
+----------------------+------------------+-----------+------------+----------------+
; Analysis & Synthesis ; Lorena           ; Windows 7 ; 6.2        ; x86_64         ;
; EDA Netlist Writer   ; Lorena           ; Windows 7 ; 6.2        ; x86_64         ;
; EDA Netlist Writer   ; Lorena           ; Windows 7 ; 6.2        ; x86_64         ;
; EDA Netlist Writer   ; Lorena           ; Windows 7 ; 6.2        ; x86_64         ;
; EDA Netlist Writer   ; Lorena           ; Windows 7 ; 6.2        ; x86_64         ;
; EDA Netlist Writer   ; Lorena           ; Windows 7 ; 6.2        ; x86_64         ;
; EDA Netlist Writer   ; Lorena           ; Windows 7 ; 6.2        ; x86_64         ;
+----------------------+------------------+-----------+------------+----------------+


------------
; Flow Log ;
------------
quartus_map --read_settings_files=on --write_settings_files=off Maquina_de_refri -c Maquina_de_refri
quartus_eda --gen_testbench --check_outputs=on --tool=modelsim_oem --format=verilog Maquina_de_refri -c Maquina_de_refri --vector_source=C:/Users/Demop/OneDrive/Documentos/Maq_final/Waveform.vwf --testbench_file=./simulation/qsim/Maquina_de_refri.vt
quartus_eda --functional=on --simulation=on --tool=modelsim_oem --format=verilog Maquina_de_refri -c Maquina_de_refri
quartus_eda --gen_testbench --check_outputs=on --tool=modelsim_oem --format=verilog Maquina_de_refri -c Maquina_de_refri --vector_source=C:/Users/Demop/OneDrive/Documentos/Maq_final/Waveform.vwf --testbench_file=./simulation/qsim/Maquina_de_refri.vt
quartus_eda --functional=on --simulation=on --tool=modelsim_oem --format=verilog Maquina_de_refri -c Maquina_de_refri
quartus_eda --gen_testbench --check_outputs=on --tool=modelsim_oem --format=verilog Maquina_de_refri -c Maquina_de_refri --vector_source=C:/Users/Demop/OneDrive/Documentos/Maq_final/Waveform.vwf --testbench_file=./simulation/qsim/Maquina_de_refri.vt
quartus_eda --functional=on --simulation=on --tool=modelsim_oem --format=verilog Maquina_de_refri -c Maquina_de_refri



